<?xml version="1.0" encoding="UTF-8" standalone="yes"?><!DOCTYPE report PUBLIC "-//JACOCO//DTD Report 1.1//EN" "report.dtd"><report name="TourGuide"><sessioninfo id="DESKTOP-PGESJMS-405f86fa" start="1639511769375" dump="1639511770722"/><sessioninfo id="DESKTOP-PGESJMS-3ccc9132" start="1639511885648" dump="1639511886919"/><package name="tourGuide/domain/user"><class name="tourGuide/domain/user/UserPreferences" sourcefilename="UserPreferences.java"/><class name="tourGuide/domain/user/UserReward" sourcefilename="UserReward.java"><method name="&lt;init&gt;" desc="(LgpsUtil/location/VisitedLocation;LgpsUtil/location/Attraction;I)V" line="13"><counter type="INSTRUCTION" missed="12" covered="0"/><counter type="LINE" missed="5" covered="0"/><counter type="COMPLEXITY" missed="1" covered="0"/><counter type="METHOD" missed="1" covered="0"/></method><method name="&lt;init&gt;" desc="(LgpsUtil/location/VisitedLocation;LgpsUtil/location/Attraction;)V" line="19"><counter type="INSTRUCTION" missed="9" covered="0"/><counter type="LINE" missed="4" covered="0"/><counter type="COMPLEXITY" missed="1" covered="0"/><counter type="METHOD" missed="1" covered="0"/></method><method name="setRewardPoints" desc="(I)V" line="25"><counter type="INSTRUCTION" missed="4" covered="0"/><counter type="LINE" missed="2" covered="0"/><counter type="COMPLEXITY" missed="1" covered="0"/><counter type="METHOD" missed="1" covered="0"/></method><method name="getRewardPoints" desc="()I" line="29"><counter type="INSTRUCTION" missed="3" covered="0"/><counter type="LINE" missed="1" covered="0"/><counter type="COMPLEXITY" missed="1" covered="0"/><counter type="METHOD" missed="1" covered="0"/></method><method name="getVisitedLocation" desc="()LgpsUtil/location/VisitedLocation;" line="10"><counter type="INSTRUCTION" missed="3" covered="0"/><counter type="LINE" missed="1" covered="0"/><counter type="COMPLEXITY" missed="1" covered="0"/><counter type="METHOD" missed="1" covered="0"/></method><method name="getAttraction" desc="()LgpsUtil/location/Attraction;" line="11"><counter type="INSTRUCTION" missed="3" covered="0"/><counter type="LINE" missed="1" covered="0"/><counter type="COMPLEXITY" missed="1" covered="0"/><counter type="METHOD" missed="1" covered="0"/></method><method name="equals" desc="(Ljava/lang/Object;)Z" line="7"><counter type="INSTRUCTION" missed="62" covered="0"/><counter type="BRANCH" missed="20" covered="0"/><counter type="LINE" missed="1" covered="0"/><counter type="COMPLEXITY" missed="11" covered="0"/><counter type="METHOD" missed="1" covered="0"/></method><method name="canEqual" desc="(Ljava/lang/Object;)Z" line="7"><counter type="INSTRUCTION" missed="3" covered="0"/><counter type="LINE" missed="1" covered="0"/><counter type="COMPLEXITY" missed="1" covered="0"/><counter type="METHOD" missed="1" covered="0"/></method><method name="hashCode" desc="()I" line="7"><counter type="INSTRUCTION" missed="41" covered="0"/><counter type="BRANCH" missed="4" covered="0"/><counter type="LINE" missed="1" covered="0"/><counter type="COMPLEXITY" missed="3" covered="0"/><counter type="METHOD" missed="1" covered="0"/></method><method name="toString" desc="()Ljava/lang/String;" line="7"><counter type="INSTRUCTION" missed="22" covered="0"/><counter type="LINE" missed="1" covered="0"/><counter type="COMPLEXITY" missed="1" covered="0"/><counter type="METHOD" missed="1" covered="0"/></method><counter type="INSTRUCTION" missed="162" covered="0"/><counter type="BRANCH" missed="24" covered="0"/><counter type="LINE" missed="15" covered="0"/><counter type="COMPLEXITY" missed="22" covered="0"/><counter type="METHOD" missed="10" covered="0"/><counter type="CLASS" missed="1" covered="0"/></class><class name="tourGuide/domain/user/User" sourcefilename="User.java"/><class name="tourGuide/domain/user/UserLocation" sourcefilename="UserLocation.java"/><sourcefile name="User.java"/><sourcefile name="UserReward.java"><line nr="7" mi="128" ci="0" mb="24" cb="0"/><line nr="10" mi="3" ci="0" mb="0" cb="0"/><line nr="11" mi="3" ci="0" mb="0" cb="0"/><line nr="13" mi="2" ci="0" mb="0" cb="0"/><line nr="14" mi="3" ci="0" mb="0" cb="0"/><line nr="15" mi="3" ci="0" mb="0" cb="0"/><line nr="16" mi="3" ci="0" mb="0" cb="0"/><line nr="17" mi="1" ci="0" mb="0" cb="0"/><line nr="19" mi="2" ci="0" mb="0" cb="0"/><line nr="20" mi="3" ci="0" mb="0" cb="0"/><line nr="21" mi="3" ci="0" mb="0" cb="0"/><line nr="22" mi="1" ci="0" mb="0" cb="0"/><line nr="25" mi="3" ci="0" mb="0" cb="0"/><line nr="26" mi="1" ci="0" mb="0" cb="0"/><line nr="29" mi="3" ci="0" mb="0" cb="0"/><counter type="INSTRUCTION" missed="162" covered="0"/><counter type="BRANCH" missed="24" covered="0"/><counter type="LINE" missed="15" covered="0"/><counter type="COMPLEXITY" missed="22" covered="0"/><counter type="METHOD" missed="10" covered="0"/><counter type="CLASS" missed="1" covered="0"/></sourcefile><sourcefile name="UserPreferences.java"/><sourcefile name="UserLocation.java"/><counter type="INSTRUCTION" missed="162" covered="0"/><counter type="BRANCH" missed="24" covered="0"/><counter type="LINE" missed="15" covered="0"/><counter type="COMPLEXITY" missed="22" covered="0"/><counter type="METHOD" missed="10" covered="0"/><counter type="CLASS" missed="1" covered="0"/></package><package name="tourGuide"><class name="tourGuide/TourGuideModule" sourcefilename="TourGuideModule.java"><method name="&lt;init&gt;" desc="()V" line="11"><counter type="INSTRUCTION" missed="3" covered="0"/><counter type="LINE" missed="1" covered="0"/><counter type="COMPLEXITY" missed="1" covered="0"/><counter type="METHOD" missed="1" covered="0"/></method><method name="getGpsUtil" desc="()LgpsUtil/GpsUtil;" line="15"><counter type="INSTRUCTION" missed="4" covered="0"/><counter type="LINE" missed="1" covered="0"/><counter type="COMPLEXITY" missed="1" covered="0"/><counter type="METHOD" missed="1" covered="0"/></method><method name="getRewardsService" desc="()LtourGuide/service/RewardsService;" line="20"><counter type="INSTRUCTION" missed="8" covered="0"/><counter type="LINE" missed="1" covered="0"/><counter type="COMPLEXITY" missed="1" covered="0"/><counter type="METHOD" missed="1" covered="0"/></method><method name="getRewardCentral" desc="()LrewardCentral/RewardCentral;" line="25"><counter type="INSTRUCTION" missed="4" covered="0"/><counter type="LINE" missed="1" covered="0"/><counter type="COMPLEXITY" missed="1" covered="0"/><counter type="METHOD" missed="1" covered="0"/></method><counter type="INSTRUCTION" missed="19" covered="0"/><counter type="LINE" missed="4" covered="0"/><counter type="COMPLEXITY" missed="4" covered="0"/><counter type="METHOD" missed="4" covered="0"/><counter type="CLASS" missed="1" covered="0"/></class><class name="tourGuide/Application" sourcefilename="Application.java"><method name="&lt;init&gt;" desc="()V" line="7"><counter type="INSTRUCTION" missed="3" covered="0"/><counter type="LINE" missed="1" covered="0"/><counter type="COMPLEXITY" missed="1" covered="0"/><counter type="METHOD" missed="1" covered="0"/></method><method name="main" desc="([Ljava/lang/String;)V" line="10"><counter type="INSTRUCTION" missed="5" covered="0"/><counter type="LINE" missed="2" covered="0"/><counter type="COMPLEXITY" missed="1" covered="0"/><counter type="METHOD" missed="1" covered="0"/></method><counter type="INSTRUCTION" missed="8" covered="0"/><counter type="LINE" missed="3" covered="0"/><counter type="COMPLEXITY" missed="2" covered="0"/><counter type="METHOD" missed="2" covered="0"/><counter type="CLASS" missed="1" covered="0"/></class><class name="tourGuide/TourGuideController" sourcefilename="TourGuideController.java"><method name="&lt;init&gt;" desc="()V" line="16"><counter type="INSTRUCTION" missed="3" covered="0"/><counter type="LINE" missed="1" covered="0"/><counter type="COMPLEXITY" missed="1" covered="0"/><counter type="METHOD" missed="1" covered="0"/></method><method name="index" desc="()Ljava/lang/String;" line="23"><counter type="INSTRUCTION" missed="2" covered="0"/><counter type="LINE" missed="1" covered="0"/><counter type="COMPLEXITY" missed="1" covered="0"/><counter type="METHOD" missed="1" covered="0"/></method><method name="getLocation" desc="(Ljava/lang/String;)Ljava/lang/String;" line="28"><counter type="INSTRUCTION" missed="11" covered="0"/><counter type="LINE" missed="2" covered="0"/><counter type="COMPLEXITY" missed="1" covered="0"/><counter type="METHOD" missed="1" covered="0"/></method><method name="getNearbyAttractions" desc="(Ljava/lang/String;)Ljava/lang/String;" line="43"><counter type="INSTRUCTION" missed="13" covered="0"/><counter type="LINE" missed="2" covered="0"/><counter type="COMPLEXITY" missed="1" covered="0"/><counter type="METHOD" missed="1" covered="0"/></method><method name="getRewards" desc="(Ljava/lang/String;)Ljava/lang/String;" line="49"><counter type="INSTRUCTION" missed="8" covered="0"/><counter type="LINE" missed="1" covered="0"/><counter type="COMPLEXITY" missed="1" covered="0"/><counter type="METHOD" missed="1" covered="0"/></method><method name="getAllCurrentLocations" desc="()Ljava/lang/String;" line="64"><counter type="INSTRUCTION" missed="5" covered="0"/><counter type="LINE" missed="1" covered="0"/><counter type="COMPLEXITY" missed="1" covered="0"/><counter type="METHOD" missed="1" covered="0"/></method><method name="getTripDeals" desc="(Ljava/lang/String;)Ljava/lang/String;" line="69"><counter type="INSTRUCTION" missed="10" covered="0"/><counter type="LINE" missed="2" covered="0"/><counter type="COMPLEXITY" missed="1" covered="0"/><counter type="METHOD" missed="1" covered="0"/></method><method name="getUser" desc="(Ljava/lang/String;)LtourGuide/domain/user/User;" line="74"><counter type="INSTRUCTION" missed="5" covered="0"/><counter type="LINE" missed="1" covered="0"/><counter type="COMPLEXITY" missed="1" covered="0"/><counter type="METHOD" missed="1" covered="0"/></method><counter type="INSTRUCTION" missed="57" covered="0"/><counter type="LINE" missed="11" covered="0"/><counter type="COMPLEXITY" missed="8" covered="0"/><counter type="METHOD" missed="8" covered="0"/><counter type="CLASS" missed="1" covered="0"/></class><sourcefile name="TourGuideController.java"><line nr="16" mi="3" ci="0" mb="0" cb="0"/><line nr="23" mi="2" ci="0" mb="0" cb="0"/><line nr="28" mi="7" ci="0" mb="0" cb="0"/><line nr="29" mi="4" ci="0" mb="0" cb="0"/><line nr="43" mi="7" ci="0" mb="0" cb="0"/><line nr="44" mi="6" ci="0" mb="0" cb="0"/><line nr="49" mi="8" ci="0" mb="0" cb="0"/><line nr="64" mi="5" ci="0" mb="0" cb="0"/><line nr="69" mi="7" ci="0" mb="0" cb="0"/><line nr="70" mi="3" ci="0" mb="0" cb="0"/><line nr="74" mi="5" ci="0" mb="0" cb="0"/><counter type="INSTRUCTION" missed="57" covered="0"/><counter type="LINE" missed="11" covered="0"/><counter type="COMPLEXITY" missed="8" covered="0"/><counter type="METHOD" missed="8" covered="0"/><counter type="CLASS" missed="1" covered="0"/></sourcefile><sourcefile name="Application.java"><line nr="7" mi="3" ci="0" mb="0" cb="0"/><line nr="10" mi="4" ci="0" mb="0" cb="0"/><line nr="11" mi="1" ci="0" mb="0" cb="0"/><counter type="INSTRUCTION" missed="8" covered="0"/><counter type="LINE" missed="3" covered="0"/><counter type="COMPLEXITY" missed="2" covered="0"/><counter type="METHOD" missed="2" covered="0"/><counter type="CLASS" missed="1" covered="0"/></sourcefile><sourcefile name="TourGuideModule.java"><line nr="11" mi="3" ci="0" mb="0" cb="0"/><line nr="15" mi="4" ci="0" mb="0" cb="0"/><line nr="20" mi="8" ci="0" mb="0" cb="0"/><line nr="25" mi="4" ci="0" mb="0" cb="0"/><counter type="INSTRUCTION" missed="19" covered="0"/><counter type="LINE" missed="4" covered="0"/><counter type="COMPLEXITY" missed="4" covered="0"/><counter type="METHOD" missed="4" covered="0"/><counter type="CLASS" missed="1" covered="0"/></sourcefile><counter type="INSTRUCTION" missed="84" covered="0"/><counter type="LINE" missed="18" covered="0"/><counter type="COMPLEXITY" missed="14" covered="0"/><counter type="METHOD" missed="14" covered="0"/><counter type="CLASS" missed="3" covered="0"/></package><package name="tourGuide/tracker"><class name="tourGuide/tracker/Tracker" sourcefilename="Tracker.java"><method name="&lt;init&gt;" desc="(LtourGuide/service/TourGuideService;)V" line="16"><counter type="INSTRUCTION" missed="0" covered="21"/><counter type="LINE" missed="0" covered="7"/><counter type="COMPLEXITY" missed="0" covered="1"/><counter type="METHOD" missed="0" covered="1"/></method><method name="stopTracking" desc="()V" line="32"><counter type="INSTRUCTION" missed="0" covered="8"/><counter type="LINE" missed="0" covered="3"/><counter type="COMPLEXITY" missed="0" covered="1"/><counter type="METHOD" missed="0" covered="1"/></method><method name="run" desc="()V" line="38"><counter type="INSTRUCTION" missed="10" covered="61"/><counter type="BRANCH" missed="2" covered="2"/><counter type="LINE" missed="5" covered="13"/><counter type="COMPLEXITY" missed="2" covered="1"/><counter type="METHOD" missed="0" covered="1"/></method><method name="lambda$run$0" desc="(LtourGuide/domain/user/User;)V" line="48"><counter type="INSTRUCTION" missed="6" covered="0"/><counter type="LINE" missed="1" covered="0"/><counter type="COMPLEXITY" missed="1" covered="0"/><counter type="METHOD" missed="1" covered="0"/></method><method name="&lt;clinit&gt;" desc="()V" line="17"><counter type="INSTRUCTION" missed="0" covered="5"/><counter type="LINE" missed="0" covered="1"/><counter type="COMPLEXITY" missed="0" covered="1"/><counter type="METHOD" missed="0" covered="1"/></method><counter type="INSTRUCTION" missed="16" covered="95"/><counter type="BRANCH" missed="2" covered="2"/><counter type="LINE" missed="5" covered="24"/><counter type="COMPLEXITY" missed="3" covered="4"/><counter type="METHOD" missed="1" covered="4"/><counter type="CLASS" missed="0" covered="1"/></class><sourcefile name="Tracker.java"><line nr="16" mi="0" ci="4" mb="0" cb="0"/><line nr="17" mi="0" ci="5" mb="0" cb="0"/><line nr="18" mi="0" ci="3" mb="0" cb="0"/><line nr="20" mi="0" ci="3" mb="0" cb="0"/><line nr="22" mi="0" ci="2" mb="0" cb="0"/><line nr="23" mi="0" ci="3" mb="0" cb="0"/><line nr="25" mi="0" ci="5" mb="0" cb="0"/><line nr="26" mi="0" ci="1" mb="0" cb="0"/><line nr="32" mi="0" ci="3" mb="0" cb="0"/><line nr="33" mi="0" ci="4" mb="0" cb="0"/><line nr="34" mi="0" ci="1" mb="0" cb="0"/><line nr="38" mi="0" ci="4" mb="0" cb="0"/><line nr="40" mi="0" ci="6" mb="2" cb="2"/><line nr="41" mi="4" ci="0" mb="0" cb="0"/><line nr="42" mi="1" ci="0" mb="0" cb="0"/><line nr="45" mi="0" ci="4" mb="0" cb="0"/><line nr="46" mi="0" ci="14" mb="0" cb="0"/><line nr="47" mi="0" ci="2" mb="0" cb="0"/><line nr="48" mi="6" ci="4" mb="0" cb="0"/><line nr="49" mi="0" ci="2" mb="0" cb="0"/><line nr="50" mi="0" ci="16" mb="0" cb="0"/><line nr="51" mi="0" ci="2" mb="0" cb="0"/><line nr="53" mi="0" ci="4" mb="0" cb="0"/><line nr="54" mi="3" ci="0" mb="0" cb="0"/><line nr="55" mi="0" ci="1" mb="0" cb="0"/><line nr="56" mi="0" ci="1" mb="0" cb="0"/><line nr="57" mi="1" ci="0" mb="0" cb="0"/><line nr="58" mi="1" ci="0" mb="0" cb="0"/><line nr="60" mi="0" ci="1" mb="0" cb="0"/><counter type="INSTRUCTION" missed="16" covered="95"/><counter type="BRANCH" missed="2" covered="2"/><counter type="LINE" missed="5" covered="24"/><counter type="COMPLEXITY" missed="3" covered="4"/><counter type="METHOD" missed="1" covered="4"/><counter type="CLASS" missed="0" covered="1"/></sourcefile><counter type="INSTRUCTION" missed="16" covered="95"/><counter type="BRANCH" missed="2" covered="2"/><counter type="LINE" missed="5" covered="24"/><counter type="COMPLEXITY" missed="3" covered="4"/><counter type="METHOD" missed="1" covered="4"/><counter type="CLASS" missed="0" covered="1"/></package><package name="tourGuide/helper"><class name="tourGuide/helper/InternalTestHelper" sourcefilename="InternalTestHelper.java"><method name="&lt;init&gt;" desc="()V" line="3"><counter type="INSTRUCTION" missed="3" covered="0"/><counter type="LINE" missed="1" covered="0"/><counter type="COMPLEXITY" missed="1" covered="0"/><counter type="METHOD" missed="1" covered="0"/></method><method name="setInternalUserNumber" desc="(I)V" line="9"><counter type="INSTRUCTION" missed="0" covered="3"/><counter type="LINE" missed="0" covered="2"/><counter type="COMPLEXITY" missed="0" covered="1"/><counter type="METHOD" missed="0" covered="1"/></method><method name="getInternalUserNumber" desc="()I" line="13"><counter type="INSTRUCTION" missed="0" covered="2"/><counter type="LINE" missed="0" covered="1"/><counter type="COMPLEXITY" missed="0" covered="1"/><counter type="METHOD" missed="0" covered="1"/></method><method name="&lt;clinit&gt;" desc="()V" line="6"><counter type="INSTRUCTION" missed="0" covered="3"/><counter type="LINE" missed="0" covered="1"/><counter type="COMPLEXITY" missed="0" covered="1"/><counter type="METHOD" missed="0" covered="1"/></method><counter type="INSTRUCTION" missed="3" covered="8"/><counter type="LINE" missed="1" covered="4"/><counter type="COMPLEXITY" missed="1" covered="3"/><counter type="METHOD" missed="1" covered="3"/><counter type="CLASS" missed="0" covered="1"/></class><sourcefile name="InternalTestHelper.java"><line nr="3" mi="3" ci="0" mb="0" cb="0"/><line nr="6" mi="0" ci="3" mb="0" cb="0"/><line nr="9" mi="0" ci="2" mb="0" cb="0"/><line nr="10" mi="0" ci="1" mb="0" cb="0"/><line nr="13" mi="0" ci="2" mb="0" cb="0"/><counter type="INSTRUCTION" missed="3" covered="8"/><counter type="LINE" missed="1" covered="4"/><counter type="COMPLEXITY" missed="1" covered="3"/><counter type="METHOD" missed="1" covered="3"/><counter type="CLASS" missed="0" covered="1"/></sourcefile><counter type="INSTRUCTION" missed="3" covered="8"/><counter type="LINE" missed="1" covered="4"/><counter type="COMPLEXITY" missed="1" covered="3"/><counter type="METHOD" missed="1" covered="3"/><counter type="CLASS" missed="0" covered="1"/></package><package name="tourGuide/service"><class name="tourGuide/service/RewardsService" sourcefilename="RewardsService.java"><method name="&lt;init&gt;" desc="(LgpsUtil/GpsUtil;LrewardCentral/RewardCentral;)V" line="27"><counter type="INSTRUCTION" missed="0" covered="19"/><counter type="LINE" missed="0" covered="7"/><counter type="COMPLEXITY" missed="0" covered="1"/><counter type="METHOD" missed="0" covered="1"/></method><method name="setProximityBuffer" desc="(I)V" line="39"><counter type="INSTRUCTION" missed="4" covered="0"/><counter type="LINE" missed="2" covered="0"/><counter type="COMPLEXITY" missed="1" covered="0"/><counter type="METHOD" missed="1" covered="0"/></method><method name="setDefaultProximityBuffer" desc="()V" line="43"><counter type="INSTRUCTION" missed="5" covered="0"/><counter type="LINE" missed="2" covered="0"/><counter type="COMPLEXITY" missed="1" covered="0"/><counter type="METHOD" missed="1" covered="0"/></method><method name="calculateRewards" desc="(LtourGuide/domain/user/User;)V" line="47"><counter type="INSTRUCTION" missed="56" covered="0"/><counter type="BRANCH" missed="8" covered="0"/><counter type="LINE" missed="10" covered="0"/><counter type="COMPLEXITY" missed="5" covered="0"/><counter type="METHOD" missed="1" covered="0"/></method><method name="isWithinAttractionProximity" desc="(LgpsUtil/location/Attraction;LgpsUtil/location/Location;)Z" line="62"><counter type="INSTRUCTION" missed="2" covered="11"/><counter type="BRANCH" missed="1" covered="1"/><counter type="LINE" missed="0" covered="1"/><counter type="COMPLEXITY" missed="1" covered="1"/><counter type="METHOD" missed="0" covered="1"/></method><method name="nearAttraction" desc="(LgpsUtil/location/VisitedLocation;LgpsUtil/location/Attraction;)Z" line="66"><counter type="INSTRUCTION" missed="14" covered="0"/><counter type="BRANCH" missed="2" covered="0"/><counter type="LINE" missed="1" covered="0"/><counter type="COMPLEXITY" missed="2" covered="0"/><counter type="METHOD" missed="1" covered="0"/></method><method name="getRewardPoints" desc="(LgpsUtil/location/Attraction;LtourGuide/domain/user/User;)I" line="70"><counter type="INSTRUCTION" missed="8" covered="0"/><counter type="LINE" missed="1" covered="0"/><counter type="COMPLEXITY" missed="1" covered="0"/><counter type="METHOD" missed="1" covered="0"/></method><method name="getDistance" desc="(LgpsUtil/location/Location;LgpsUtil/location/Location;)D" line="74"><counter type="INSTRUCTION" missed="0" covered="45"/><counter type="LINE" missed="0" covered="9"/><counter type="COMPLEXITY" missed="0" covered="1"/><counter type="METHOD" missed="0" covered="1"/></method><method name="executorService" desc="(Ljava/util/List;)V" line="88"><counter type="INSTRUCTION" missed="34" covered="0"/><counter type="BRANCH" missed="2" covered="0"/><counter type="LINE" missed="11" covered="0"/><counter type="COMPLEXITY" missed="2" covered="0"/><counter type="METHOD" missed="1" covered="0"/></method><method name="lambda$executorService$1" desc="(LtourGuide/domain/user/User;)V" line="92"><counter type="INSTRUCTION" missed="4" covered="0"/><counter type="LINE" missed="2" covered="0"/><counter type="COMPLEXITY" missed="1" covered="0"/><counter type="METHOD" missed="1" covered="0"/></method><method name="lambda$calculateRewards$0" desc="(LgpsUtil/location/Attraction;LtourGuide/domain/user/UserReward;)Z" line="52"><counter type="INSTRUCTION" missed="7" covered="0"/><counter type="LINE" missed="1" covered="0"/><counter type="COMPLEXITY" missed="1" covered="0"/><counter type="METHOD" missed="1" covered="0"/></method><counter type="INSTRUCTION" missed="134" covered="75"/><counter type="BRANCH" missed="13" covered="1"/><counter type="LINE" missed="29" covered="17"/><counter type="COMPLEXITY" missed="15" covered="3"/><counter type="METHOD" missed="8" covered="3"/><counter type="CLASS" missed="0" covered="1"/></class><class name="tourGuide/service/TourGuideService" sourcefilename="TourGuideService.java"><method name="&lt;init&gt;" desc="(LgpsUtil/GpsUtil;LtourGuide/service/RewardsService;)V" line="49"><counter type="INSTRUCTION" missed="0" covered="51"/><counter type="BRANCH" missed="1" covered="1"/><counter type="LINE" missed="0" covered="15"/><counter type="COMPLEXITY" missed="1" covered="1"/><counter type="METHOD" missed="0" covered="1"/></method><method name="getUserRewards" desc="(LtourGuide/domain/user/User;)Ljava/util/List;" line="71"><counter type="INSTRUCTION" missed="3" covered="0"/><counter type="LINE" missed="1" covered="0"/><counter type="COMPLEXITY" missed="1" covered="0"/><counter type="METHOD" missed="1" covered="0"/></method><method name="getUserLocation" desc="(LtourGuide/domain/user/User;)LgpsUtil/location/VisitedLocation;" line="75"><counter type="INSTRUCTION" missed="13" covered="0"/><counter type="BRANCH" missed="2" covered="0"/><counter type="LINE" missed="4" covered="0"/><counter type="COMPLEXITY" missed="2" covered="0"/><counter type="METHOD" missed="1" covered="0"/></method><method name="getUser" desc="(Ljava/lang/String;)LtourGuide/domain/user/User;" line="82"><counter type="INSTRUCTION" missed="6" covered="0"/><counter type="LINE" missed="1" covered="0"/><counter type="COMPLEXITY" missed="1" covered="0"/><counter type="METHOD" missed="1" covered="0"/></method><method name="getAllUsers" desc="()Ljava/util/List;" line="86"><counter type="INSTRUCTION" missed="0" covered="8"/><counter type="LINE" missed="0" covered="1"/><counter type="COMPLEXITY" missed="0" covered="1"/><counter type="METHOD" missed="0" covered="1"/></method><method name="addUser" desc="(LtourGuide/domain/user/User;)V" line="90"><counter type="INSTRUCTION" missed="14" covered="0"/><counter type="BRANCH" missed="2" covered="0"/><counter type="LINE" missed="3" covered="0"/><counter type="COMPLEXITY" missed="2" covered="0"/><counter type="METHOD" missed="1" covered="0"/></method><method name="getTripDeals" desc="(LtourGuide/domain/user/User;)Ljava/util/List;" line="96"><counter type="INSTRUCTION" missed="29" covered="0"/><counter type="LINE" missed="5" covered="0"/><counter type="COMPLEXITY" missed="1" covered="0"/><counter type="METHOD" missed="1" covered="0"/></method><method name="trackUserLocation" desc="(LtourGuide/domain/user/User;)LgpsUtil/location/VisitedLocation;" line="104"><counter type="INSTRUCTION" missed="15" covered="0"/><counter type="LINE" missed="4" covered="0"/><counter type="COMPLEXITY" missed="1" covered="0"/><counter type="METHOD" missed="1" covered="0"/></method><method name="getNearByAttractions" desc="(LgpsUtil/location/VisitedLocation;)Ljava/util/List;" line="111"><counter type="INSTRUCTION" missed="91" covered="0"/><counter type="BRANCH" missed="4" covered="0"/><counter type="LINE" missed="16" covered="0"/><counter type="COMPLEXITY" missed="3" covered="0"/><counter type="METHOD" missed="1" covered="0"/></method><method name="addShutDownHook" desc="()V" line="141"><counter type="INSTRUCTION" missed="0" covered="7"/><counter type="LINE" missed="0" covered="2"/><counter type="COMPLEXITY" missed="0" covered="1"/><counter type="METHOD" missed="0" covered="1"/></method><method name="getAllUsersLocation" desc="()Ljava/util/List;" line="149"><counter type="INSTRUCTION" missed="13" covered="0"/><counter type="LINE" missed="4" covered="0"/><counter type="COMPLEXITY" missed="1" covered="0"/><counter type="METHOD" missed="1" covered="0"/></method><method name="executorService" desc="(Ljava/util/List;)V" line="160"><counter type="INSTRUCTION" missed="34" covered="0"/><counter type="BRANCH" missed="2" covered="0"/><counter type="LINE" missed="11" covered="0"/><counter type="COMPLEXITY" missed="2" covered="0"/><counter type="METHOD" missed="1" covered="0"/></method><method name="initializeInternalUsers" desc="()V" line="185"><counter type="INSTRUCTION" missed="0" covered="20"/><counter type="LINE" missed="0" covered="3"/><counter type="COMPLEXITY" missed="0" covered="1"/><counter type="METHOD" missed="0" covered="1"/></method><method name="generateUserLocationHistory" desc="(LtourGuide/domain/user/User;)V" line="198"><counter type="INSTRUCTION" missed="8" covered="0"/><counter type="LINE" missed="2" covered="0"/><counter type="COMPLEXITY" missed="1" covered="0"/><counter type="METHOD" missed="1" covered="0"/></method><method name="generateRandomLongitude" desc="()D" line="204"><counter type="INSTRUCTION" missed="15" covered="0"/><counter type="LINE" missed="3" covered="0"/><counter type="COMPLEXITY" missed="1" covered="0"/><counter type="METHOD" missed="1" covered="0"/></method><method name="generateRandomLatitude" desc="()D" line="210"><counter type="INSTRUCTION" missed="15" covered="0"/><counter type="LINE" missed="3" covered="0"/><counter type="COMPLEXITY" missed="1" covered="0"/><counter type="METHOD" missed="1" covered="0"/></method><method name="getRandomTime" desc="()Ljava/util/Date;" line="216"><counter type="INSTRUCTION" missed="14" covered="0"/><counter type="LINE" missed="2" covered="0"/><counter type="COMPLEXITY" missed="1" covered="0"/><counter type="METHOD" missed="1" covered="0"/></method><method name="lambda$generateUserLocationHistory$4" desc="(LtourGuide/domain/user/User;I)V" line="199"><counter type="INSTRUCTION" missed="17" covered="0"/><counter type="LINE" missed="2" covered="0"/><counter type="COMPLEXITY" missed="1" covered="0"/><counter type="METHOD" missed="1" covered="0"/></method><method name="lambda$initializeInternalUsers$3" desc="(I)V" line="186"><counter type="INSTRUCTION" missed="38" covered="0"/><counter type="LINE" missed="7" covered="0"/><counter type="COMPLEXITY" missed="1" covered="0"/><counter type="METHOD" missed="1" covered="0"/></method><method name="lambda$executorService$2" desc="(LtourGuide/domain/user/User;)V" line="164"><counter type="INSTRUCTION" missed="5" covered="0"/><counter type="LINE" missed="2" covered="0"/><counter type="COMPLEXITY" missed="1" covered="0"/><counter type="METHOD" missed="1" covered="0"/></method><method name="lambda$getAllUsersLocation$1" desc="(Ljava/util/List;LtourGuide/domain/user/User;)V" line="153"><counter type="INSTRUCTION" missed="13" covered="0"/><counter type="LINE" missed="2" covered="0"/><counter type="COMPLEXITY" missed="1" covered="0"/><counter type="METHOD" missed="1" covered="0"/></method><method name="lambda$getTripDeals$0" desc="(LtourGuide/domain/user/UserReward;)I" line="96"><counter type="INSTRUCTION" missed="3" covered="0"/><counter type="LINE" missed="1" covered="0"/><counter type="COMPLEXITY" missed="1" covered="0"/><counter type="METHOD" missed="1" covered="0"/></method><counter type="INSTRUCTION" missed="346" covered="86"/><counter type="BRANCH" missed="11" covered="1"/><counter type="LINE" missed="72" covered="21"/><counter type="COMPLEXITY" missed="24" covered="4"/><counter type="METHOD" missed="18" covered="4"/><counter type="CLASS" missed="0" covered="1"/></class><class name="tourGuide/service/TourGuideService$1" sourcefilename="TourGuideService.java"><method name="&lt;init&gt;" desc="(LtourGuide/service/TourGuideService;)V" line="141"><counter type="INSTRUCTION" missed="0" covered="6"/><counter type="LINE" missed="0" covered="1"/><counter type="COMPLEXITY" missed="0" covered="1"/><counter type="METHOD" missed="0" covered="1"/></method><method name="run" desc="()V" line="143"><counter type="INSTRUCTION" missed="0" covered="5"/><counter type="LINE" missed="0" covered="2"/><counter type="COMPLEXITY" missed="0" covered="1"/><counter type="METHOD" missed="0" covered="1"/></method><counter type="INSTRUCTION" missed="0" covered="11"/><counter type="LINE" missed="0" covered="3"/><counter type="COMPLEXITY" missed="0" covered="2"/><counter type="METHOD" missed="0" covered="2"/><counter type="CLASS" missed="0" covered="1"/></class><sourcefile name="RewardsService.java"><line nr="27" mi="0" ci="3" mb="0" cb="0"/><line nr="28" mi="0" ci="4" mb="0" cb="0"/><line nr="29" mi="0" ci="3" mb="0" cb="0"/><line nr="33" mi="0" ci="2" mb="0" cb="0"/><line nr="34" mi="0" ci="3" mb="0" cb="0"/><line nr="35" mi="0" ci="3" mb="0" cb="0"/><line nr="36" mi="0" ci="1" mb="0" cb="0"/><line nr="39" mi="3" ci="0" mb="0" cb="0"/><line nr="40" mi="1" ci="0" mb="0" cb="0"/><line nr="43" mi="4" ci="0" mb="0" cb="0"/><line nr="44" mi="1" ci="0" mb="0" cb="0"/><line nr="47" mi="3" ci="0" mb="0" cb="0"/><line nr="48" mi="4" ci="0" mb="0" cb="0"/><line nr="50" mi="10" ci="0" mb="2" cb="0"/><line nr="51" mi="10" ci="0" mb="2" cb="0"/><line nr="52" mi="17" ci="0" mb="2" cb="0"/><line nr="53" mi="5" ci="0" mb="2" cb="0"/><line nr="54" mi="11" ci="0" mb="0" cb="0"/><line nr="57" mi="1" ci="0" mb="0" cb="0"/><line nr="58" mi="1" ci="0" mb="0" cb="0"/><line nr="59" mi="1" ci="0" mb="0" cb="0"/><line nr="62" mi="2" ci="11" mb="1" cb="1"/><line nr="66" mi="14" ci="0" mb="2" cb="0"/><line nr="70" mi="8" ci="0" mb="0" cb="0"/><line nr="74" mi="0" ci="4" mb="0" cb="0"/><line nr="75" mi="0" ci="4" mb="0" cb="0"/><line nr="76" mi="0" ci="4" mb="0" cb="0"/><line nr="77" mi="0" ci="4" mb="0" cb="0"/><line nr="79" mi="0" ci="8" mb="0" cb="0"/><line nr="80" mi="0" ci="10" mb="0" cb="0"/><line nr="82" mi="0" ci="5" mb="0" cb="0"/><line nr="83" mi="0" ci="4" mb="0" cb="0"/><line nr="84" mi="0" ci="2" mb="0" cb="0"/><line nr="88" mi="3" ci="0" mb="0" cb="0"/><line nr="90" mi="10" ci="0" mb="2" cb="0"/><line nr="91" mi="4" ci="0" mb="0" cb="0"/><line nr="92" mi="3" ci="0" mb="0" cb="0"/><line nr="93" mi="1" ci="0" mb="0" cb="0"/><line nr="94" mi="4" ci="0" mb="0" cb="0"/><line nr="95" mi="1" ci="0" mb="0" cb="0"/><line nr="96" mi="2" ci="0" mb="0" cb="0"/><line nr="98" mi="5" ci="0" mb="0" cb="0"/><line nr="99" mi="1" ci="0" mb="0" cb="0"/><line nr="100" mi="2" ci="0" mb="0" cb="0"/><line nr="101" mi="1" ci="0" mb="0" cb="0"/><line nr="102" mi="1" ci="0" mb="0" cb="0"/><counter type="INSTRUCTION" missed="134" covered="75"/><counter type="BRANCH" missed="13" covered="1"/><counter type="LINE" missed="29" covered="17"/><counter type="COMPLEXITY" missed="15" covered="3"/><counter type="METHOD" missed="8" covered="3"/><counter type="CLASS" missed="0" covered="1"/></sourcefile><sourcefile name="TourGuideService.java"><line nr="49" mi="0" ci="4" mb="0" cb="0"/><line nr="52" mi="0" ci="5" mb="0" cb="0"/><line nr="54" mi="0" ci="3" mb="0" cb="0"/><line nr="56" mi="0" ci="2" mb="0" cb="0"/><line nr="57" mi="0" ci="3" mb="0" cb="0"/><line nr="58" mi="0" ci="3" mb="0" cb="0"/><line nr="60" mi="0" ci="3" mb="1" cb="1"/><line nr="61" mi="0" ci="4" mb="0" cb="0"/><line nr="62" mi="0" ci="4" mb="0" cb="0"/><line nr="63" mi="0" ci="2" mb="0" cb="0"/><line nr="64" mi="0" ci="4" mb="0" cb="0"/><line nr="66" mi="0" ci="6" mb="0" cb="0"/><line nr="67" mi="0" ci="2" mb="0" cb="0"/><line nr="68" mi="0" ci="1" mb="0" cb="0"/><line nr="71" mi="3" ci="0" mb="0" cb="0"/><line nr="75" mi="5" ci="0" mb="2" cb="0"/><line nr="76" mi="4" ci="0" mb="0" cb="0"/><line nr="77" mi="2" ci="0" mb="0" cb="0"/><line nr="78" mi="2" ci="0" mb="0" cb="0"/><line nr="82" mi="6" ci="0" mb="0" cb="0"/><line nr="86" mi="0" ci="8" mb="0" cb="0"/><line nr="90" mi="6" ci="0" mb="2" cb="0"/><line nr="91" mi="7" ci="0" mb="0" cb="0"/><line nr="93" mi="1" ci="0" mb="0" cb="0"/><line nr="96" mi="10" ci="0" mb="0" cb="0"/><line nr="97" mi="11" ci="0" mb="0" cb="0"/><line nr="98" mi="6" ci="0" mb="0" cb="0"/><line nr="99" mi="3" ci="0" mb="0" cb="0"/><line nr="100" mi="2" ci="0" mb="0" cb="0"/><line nr="104" mi="6" ci="0" mb="0" cb="0"/><line nr="105" mi="3" ci="0" mb="0" cb="0"/><line nr="106" mi="4" ci="0" mb="0" cb="0"/><line nr="107" mi="2" ci="0" mb="0" cb="0"/><line nr="111" mi="4" ci="0" mb="0" cb="0"/><line nr="112" mi="4" ci="0" mb="0" cb="0"/><line nr="115" mi="12" ci="0" mb="2" cb="0"/><line nr="116" mi="4" ci="0" mb="0" cb="0"/><line nr="117" mi="3" ci="0" mb="0" cb="0"/><line nr="118" mi="8" ci="0" mb="0" cb="0"/><line nr="119" mi="8" ci="0" mb="0" cb="0"/><line nr="120" mi="4" ci="0" mb="0" cb="0"/><line nr="121" mi="1" ci="0" mb="0" cb="0"/><line nr="124" mi="2" ci="0" mb="0" cb="0"/><line nr="132" mi="8" ci="0" mb="0" cb="0"/><line nr="133" mi="10" ci="0" mb="2" cb="0"/><line nr="134" mi="5" ci="0" mb="0" cb="0"/><line nr="135" mi="15" ci="0" mb="0" cb="0"/><line nr="136" mi="1" ci="0" mb="0" cb="0"/><line nr="137" mi="2" ci="0" mb="0" cb="0"/><line nr="141" mi="0" ci="12" mb="0" cb="0"/><line nr="143" mi="0" ci="4" mb="0" cb="0"/><line nr="144" mi="0" ci="1" mb="0" cb="0"/><line nr="146" mi="0" ci="1" mb="0" cb="0"/><line nr="149" mi="3" ci="0" mb="0" cb="0"/><line nr="150" mi="4" ci="0" mb="0" cb="0"/><line nr="152" mi="4" ci="0" mb="0" cb="0"/><line nr="153" mi="12" ci="0" mb="0" cb="0"/><line nr="154" mi="1" ci="0" mb="0" cb="0"/><line nr="156" mi="2" ci="0" mb="0" cb="0"/><line nr="160" mi="3" ci="0" mb="0" cb="0"/><line nr="162" mi="10" ci="0" mb="2" cb="0"/><line nr="163" mi="4" ci="0" mb="0" cb="0"/><line nr="164" mi="4" ci="0" mb="0" cb="0"/><line nr="165" mi="1" ci="0" mb="0" cb="0"/><line nr="166" mi="4" ci="0" mb="0" cb="0"/><line nr="167" mi="1" ci="0" mb="0" cb="0"/><line nr="168" mi="2" ci="0" mb="0" cb="0"/><line nr="170" mi="5" ci="0" mb="0" cb="0"/><line nr="171" mi="1" ci="0" mb="0" cb="0"/><line nr="172" mi="2" ci="0" mb="0" cb="0"/><line nr="173" mi="1" ci="0" mb="0" cb="0"/><line nr="174" mi="1" ci="0" mb="0" cb="0"/><line nr="183" mi="0" ci="5" mb="0" cb="0"/><line nr="185" mi="0" ci="6" mb="0" cb="0"/><line nr="186" mi="9" ci="0" mb="0" cb="0"/><line nr="187" mi="2" ci="0" mb="0" cb="0"/><line nr="188" mi="9" ci="0" mb="0" cb="0"/><line nr="189" mi="8" ci="0" mb="0" cb="0"/><line nr="190" mi="3" ci="0" mb="0" cb="0"/><line nr="192" mi="6" ci="0" mb="0" cb="0"/><line nr="193" mi="1" ci="0" mb="0" cb="0"/><line nr="194" mi="0" ci="13" mb="0" cb="0"/><line nr="195" mi="0" ci="1" mb="0" cb="0"/><line nr="198" mi="7" ci="0" mb="0" cb="0"/><line nr="199" mi="16" ci="0" mb="0" cb="0"/><line nr="200" mi="1" ci="0" mb="0" cb="0"/><line nr="201" mi="1" ci="0" mb="0" cb="0"/><line nr="204" mi="2" ci="0" mb="0" cb="0"/><line nr="205" mi="2" ci="0" mb="0" cb="0"/><line nr="206" mi="11" ci="0" mb="0" cb="0"/><line nr="210" mi="2" ci="0" mb="0" cb="0"/><line nr="211" mi="2" ci="0" mb="0" cb="0"/><line nr="212" mi="11" ci="0" mb="0" cb="0"/><line nr="216" mi="9" ci="0" mb="0" cb="0"/><line nr="217" mi="5" ci="0" mb="0" cb="0"/><counter type="INSTRUCTION" missed="346" covered="97"/><counter type="BRANCH" missed="11" covered="1"/><counter type="LINE" missed="72" covered="23"/><counter type="COMPLEXITY" missed="24" covered="6"/><counter type="METHOD" missed="18" covered="6"/><counter type="CLASS" missed="0" covered="2"/></sourcefile><counter type="INSTRUCTION" missed="480" covered="172"/><counter type="BRANCH" missed="24" covered="2"/><counter type="LINE" missed="101" covered="40"/><counter type="COMPLEXITY" missed="39" covered="9"/><counter type="METHOD" missed="26" covered="9"/><counter type="CLASS" missed="0" covered="3"/></package><package name="tourGuide/domain/location"><class name="tourGuide/domain/location/Location" sourcefilename="Location.java"/><class name="tourGuide/domain/location/AttractionLocation" sourcefilename="AttractionLocation.java"/><sourcefile name="Location.java"/><sourcefile name="AttractionLocation.java"/></package><counter type="INSTRUCTION" missed="745" covered="275"/><counter type="BRANCH" missed="50" covered="4"/><counter type="LINE" missed="140" covered="68"/><counter type="COMPLEXITY" missed="79" covered="16"/><counter type="METHOD" missed="52" covered="16"/><counter type="CLASS" missed="4" covered="5"/></report>